TN:
SF:/Users/god/Desktop/work/quasar/server/index.js
FN:15,(anonymous_0)
FN:24,(anonymous_1)
FN:34,(anonymous_2)
FN:41,(anonymous_3)
FN:42,(anonymous_4)
FNF:5
FNH:3
FNDA:1,(anonymous_0)
FNDA:0,(anonymous_1)
FNDA:0,(anonymous_2)
FNDA:1,(anonymous_3)
FNDA:1,(anonymous_4)
DA:1,1
DA:2,1
DA:3,1
DA:4,1
DA:5,1
DA:6,1
DA:7,1
DA:9,1
DA:11,1
DA:12,0
DA:15,1
DA:16,1
DA:18,1
DA:19,1
DA:20,1
DA:21,1
DA:22,1
DA:24,1
DA:25,0
DA:26,0
DA:27,0
DA:28,0
DA:30,0
DA:34,1
DA:35,0
DA:36,0
DA:37,0
DA:41,1
DA:42,1
DA:45,1
DA:46,1
LF:31
LH:22
BRDA:5,0,0,1
BRDA:5,0,1,1
BRDA:11,1,0,0
BRDA:11,1,1,1
BRDA:25,2,0,0
BRDA:25,2,1,0
BRDA:37,3,0,0
BRDA:37,3,1,0
BRDA:37,4,0,0
BRDA:37,4,1,0
BRF:10
BRH:3
end_of_record
TN:
SF:/Users/god/Desktop/work/quasar/server/ipfs/index.js
FN:5,(anonymous_0)
FN:18,(anonymous_1)
FN:19,(anonymous_2)
FN:26,(anonymous_3)
FNF:4
FNH:1
FNDA:1,(anonymous_0)
FNDA:0,(anonymous_1)
FNDA:0,(anonymous_2)
FNDA:0,(anonymous_3)
DA:1,1
DA:5,1
DA:6,1
DA:10,1
DA:12,1
DA:16,1
DA:18,1
DA:19,0
DA:20,0
DA:22,0
DA:26,1
DA:27,0
DA:30,1
LF:13
LH:9
BRDA:6,0,0,0
BRDA:6,0,1,1
BRDA:10,1,0,0
BRDA:10,1,1,1
BRDA:12,2,0,0
BRDA:12,2,1,1
BRF:6
BRH:3
end_of_record
TN:
SF:/Users/god/Desktop/work/quasar/server/routes/index.js
FNF:0
FNH:0
DA:1,1
DA:2,1
DA:4,1
LF:3
LH:3
BRF:0
BRH:0
end_of_record
TN:
SF:/Users/god/Desktop/work/quasar/server/routes/contracts/index.js
FN:5,(anonymous_0)
FNF:1
FNH:1
FNDA:1,(anonymous_0)
DA:1,1
DA:2,1
DA:3,1
DA:5,1
DA:6,1
DA:7,1
DA:8,1
DA:10,0
LF:8
LH:7
BRF:0
BRH:0
end_of_record
TN:
SF:/Users/god/Desktop/work/quasar/server/state/index.js
FN:4,(anonymous_0)
FN:5,(anonymous_1)
FN:10,(anonymous_2)
FN:13,(anonymous_3)
FN:14,(anonymous_4)
FN:22,(anonymous_5)
FN:26,(anonymous_6)
FN:37,(anonymous_7)
FNF:8
FNH:8
FNDA:8,(anonymous_0)
FNDA:8,(anonymous_1)
FNDA:8,(anonymous_2)
FNDA:8,(anonymous_3)
FNDA:24,(anonymous_4)
FNDA:5,(anonymous_5)
FNDA:8,(anonymous_6)
FNDA:3,(anonymous_7)
DA:1,2
DA:3,2
DA:4,8
DA:6,8
DA:10,8
DA:13,2
DA:14,8
DA:15,24
DA:16,8
DA:18,24
DA:22,2
DA:23,5
DA:26,2
DA:27,8
DA:28,8
DA:29,4
DA:33,4
DA:34,4
DA:37,2
DA:38,3
DA:41,2
DA:43,2
LF:22
LH:22
BRDA:6,0,0,8
BRDA:6,0,1,6
BRDA:6,0,2,5
BRDA:6,0,3,1
BRDA:15,1,0,8
BRDA:15,1,1,16
BRDA:28,2,0,4
BRDA:28,2,1,4
BRF:8
BRH:8
end_of_record
